Compiled jquery.js  (2ms)  (pid 28460)
Compiled jquery_ujs.js  (0ms)  (pid 28460)
Compiled bootstrap-transition.js  (0ms)  (pid 28460)
Compiled bootstrap-affix.js  (0ms)  (pid 28460)
Compiled bootstrap-alert.js  (0ms)  (pid 28460)
Compiled bootstrap-button.js  (0ms)  (pid 28460)
Compiled bootstrap-carousel.js  (0ms)  (pid 28460)
Compiled bootstrap-collapse.js  (0ms)  (pid 28460)
Compiled bootstrap-dropdown.js  (0ms)  (pid 28460)
Compiled bootstrap-modal.js  (0ms)  (pid 28460)
Compiled bootstrap-scrollspy.js  (0ms)  (pid 28460)
Compiled bootstrap-tab.js  (0ms)  (pid 28460)
Compiled bootstrap-tooltip.js  (0ms)  (pid 28460)
Compiled bootstrap-popover.js  (0ms)  (pid 28460)
Compiled bootstrap-typeahead.js  (0ms)  (pid 28460)
Compiled bootstrap.js  (786ms)  (pid 28460)
Compiled application.js  (998ms)  (pid 28460)
Compiled bootstrap_and_overrides.css  (11215ms)  (pid 28460)
Compiled application.css  (11405ms)  (pid 28460)
Compiled jquery.js  (3ms)  (pid 28460)
Compiled jquery_ujs.js  (0ms)  (pid 28460)
Compiled bootstrap-transition.js  (0ms)  (pid 28460)
Compiled bootstrap-affix.js  (0ms)  (pid 28460)
Compiled bootstrap-alert.js  (0ms)  (pid 28460)
Compiled bootstrap-button.js  (0ms)  (pid 28460)
Compiled bootstrap-carousel.js  (0ms)  (pid 28460)
Compiled bootstrap-collapse.js  (0ms)  (pid 28460)
Compiled bootstrap-dropdown.js  (0ms)  (pid 28460)
Compiled bootstrap-modal.js  (0ms)  (pid 28460)
Compiled bootstrap-scrollspy.js  (0ms)  (pid 28460)
Compiled bootstrap-tab.js  (0ms)  (pid 28460)
Compiled bootstrap-tooltip.js  (0ms)  (pid 28460)
Compiled bootstrap-popover.js  (0ms)  (pid 28460)
Compiled bootstrap-typeahead.js  (0ms)  (pid 28460)
Compiled bootstrap.js  (786ms)  (pid 28460)
Compiled application.js  (1004ms)  (pid 28460)
Compiled bootstrap_and_overrides.css  (10714ms)  (pid 28460)
Compiled application.css  (10899ms)  (pid 28460)
